OPTIONS /login 204 0 - 2.344 ms
POST /login 302 45 - 254.266 ms
OPTIONS /login 204 0 - 2.555 ms
OPTIONS /login 204 0 - 2.576 ms
POST /login 200 16 - 268.469 ms
POST /login 200 16 - 273.489 ms
OPTIONS /login 204 0 - 2.766 ms
POST /login 404 145 - 11.968 ms
OPTIONS /login 204 0 - 0.797 ms
POST /login 404 145 - 2.935 ms
OPTIONS /login 204 0 - 2.276 ms
POST /login 401 - - 11.017 ms
OPTIONS /login 204 0 - 1.397 ms
POST /login 401 - - 7.117 ms
OPTIONS /login 204 0 - 2.461 ms
POST /login 401 - - 7.408 ms
OPTIONS /login 204 0 - 3.219 ms
POST /login 200 183 - 271.286 ms
OPTIONS /login 204 0 - 2.981 ms
POST /login 200 183 - 263.751 ms
OPTIONS /login 204 0 - 2.276 ms
POST /login 200 183 - 263.494 ms
OPTIONS /login 204 0 - 2.792 ms
POST /login 200 183 - 248.689 ms
OPTIONS /login 204 0 - 2.467 ms
POST /login 200 183 - 262.816 ms
POST /login 200 183 - 259.821 ms
GET /profile 401 - - 3.690 ms
GET /.well-known/appspecific/com.chrome.devtools.json 404 187 - 3.387 ms
GET /favicon.ico 404 150 - 0.508 ms
GET /profile 401 - - 1.447 ms
OPTIONS /login 204 0 - 0.646 ms
POST /login 200 183 - 273.900 ms
GET /profile 401 - - 1.495 ms
GET /profile 401 - - 0.852 ms
GET /profile 401 - - 1.906 ms
OPTIONS /login 204 0 - 1.231 ms
POST /login 200 183 - 265.806 ms
OPTIONS /login 204 0 - 0.423 ms
POST /login 200 183 - 253.579 ms
OPTIONS /login 204 0 - 0.823 ms
POST /login 200 183 - 271.953 ms
OPTIONS /login 204 0 - 0.581 ms
POST /login 200 183 - 258.350 ms
OPTIONS /login 204 0 - 0.284 ms
POST /login 200 183 - 261.558 ms
OPTIONS /login 204 0 - 0.656 ms
POST /login 200 183 - 263.030 ms
OPTIONS /profile 204 0 - 0.312 ms
GET /profile 401 - - 0.691 ms
OPTIONS /profile 204 0 - 0.205 ms
GET /profile 401 - - 0.263 ms
GET /profile 401 - - 0.319 ms
OPTIONS /profile 204 0 - 0.215 ms
GET /profile 401 - - 0.213 ms
OPTIONS /profile 204 0 - 0.192 ms
GET /profile 401 - - 0.198 ms
GET /profile 401 - - 0.287 ms
OPTIONS /profile 204 0 - 0.204 ms
GET /profile 401 - - 0.217 ms
OPTIONS /profile 204 0 - 0.203 ms
GET /profile 401 - - 0.265 ms
OPTIONS /profile 204 0 - 0.183 ms
GET /profile 401 - - 0.323 ms
GET /profile 401 - - 0.351 ms
OPTIONS /profile 204 0 - 0.197 ms
GET /profile 401 - - 0.218 ms
GET /profile 401 - - 0.302 ms
OPTIONS /profile 204 0 - 0.169 ms
GET /profile 401 - - 0.185 ms
GET /profile 401 - - 0.252 ms
OPTIONS /profile 204 0 - 0.164 ms
GET /profile 401 - - 0.191 ms
GET /profile 401 - - 0.234 ms
OPTIONS /profile 204 0 - 0.311 ms
GET /profile 401 - - 0.215 ms
GET /profile 401 - - 0.260 ms
OPTIONS /profile 204 0 - 0.216 ms
GET /profile 401 - - 0.206 ms
GET /profile 401 - - 0.263 ms
OPTIONS /profile 204 0 - 0.181 ms
GET /profile 401 - - 0.157 ms
GET /profile 401 - - 0.244 ms
GET /profile 401 - - 0.241 ms
OPTIONS /profile 204 0 - 0.196 ms
GET /profile 401 - - 0.173 ms
OPTIONS /profile 204 0 - 0.181 ms
GET /profile 401 - - 0.162 ms
GET /profile 401 - - 0.274 ms
OPTIONS /profile 204 0 - 0.142 ms
GET /profile 401 - - 0.171 ms
OPTIONS /profile 204 0 - 0.200 ms
GET /profile 401 - - 0.497 ms
OPTIONS /profile 204 0 - 0.147 ms
GET /profile 401 - - 0.211 ms
GET /profile 401 - - 0.247 ms
OPTIONS /profile 204 0 - 0.143 ms
GET /profile 401 - - 0.167 ms
GET /profile 401 - - 0.473 ms
OPTIONS /profile 204 0 - 0.148 ms
GET /profile 401 - - 0.271 ms
GET /profile 401 - - 0.307 ms
GET /profile 401 - - 0.380 ms
OPTIONS /profile 204 0 - 0.273 ms
GET /profile 401 - - 0.301 ms
GET /profile 401 - - 0.186 ms
OPTIONS /profile 204 0 - 0.152 ms
GET /profile 401 - - 0.220 ms
GET /profile 401 - - 0.265 ms
OPTIONS /profile 204 0 - 0.170 ms
GET /profile 401 - - 0.214 ms
OPTIONS /profile 204 0 - 0.170 ms
GET /profile 401 - - 0.162 ms
OPTIONS /profile 204 0 - 0.155 ms
GET /profile 401 - - 0.182 ms
OPTIONS /profile 204 0 - 0.207 ms
GET /profile 401 - - 0.212 ms
GET /profile 401 - - 0.277 ms
GET /profile 401 - - 0.331 ms
OPTIONS /profile 204 0 - 0.170 ms
GET /profile 401 - - 0.168 ms
OPTIONS /profile 204 0 - 0.176 ms
GET /profile 401 - - 0.194 ms
GET /profile 401 - - 0.323 ms
OPTIONS /profile 204 0 - 0.199 ms
GET /profile 401 - - 0.216 ms
GET /profile 401 - - 0.330 ms
OPTIONS /profile 204 0 - 0.162 ms
GET /profile 401 - - 0.154 ms
GET /profile 401 - - 0.327 ms
OPTIONS /profile 204 0 - 0.197 ms
GET /profile 401 - - 0.262 ms
OPTIONS /login 204 0 - 0.521 ms
POST /login 401 31 - 27.124 ms
OPTIONS /login 204 0 - 0.550 ms
POST /login 200 183 - 262.895 ms
OPTIONS /login 204 0 - 0.868 ms
POST /login 200 183 - 264.306 ms
OPTIONS /login 204 0 - 0.559 ms
POST /login 200 183 - 271.332 ms
OPTIONS /profile 204 0 - 0.187 ms
OPTIONS /profile 204 0 - 1.037 ms
