::1 - - [18/Aug/2025:17:10:49 +0000] "GET /api/user/10 HTTP/1.1" 200 156 "-" "node"
::1 - - [18/Aug/2025:17:10:49 +0000] "GET /api/user/followers/10 HTTP/1.1" 401 29 "-" "node"
::1 - - [18/Aug/2025:17:10:49 +0000] "GET /api/user/followers/10/following HTTP/1.1" 401 29 "-" "node"
::1 - - [18/Aug/2025:17:10:49 +0000] "GET /api/user/ HTTP/1.1" 200 622 "-" "node"
::ffff:127.0.0.1 - - [18/Aug/2025:17:11:52 +0000] "GET /api/docs/ HTTP/1.1" 304 - "-" "Mozilla/5.0 (Macintosh; Intel Mac OS X 10.15; rv:142.0) Gecko/20100101 Firefox/142.0"
::ffff:127.0.0.1 - - [18/Aug/2025:17:11:52 +0000] "GET /api/docs/swagger-ui.css HTTP/1.1" 304 - "-" "Mozilla/5.0 (Macintosh; Intel Mac OS X 10.15; rv:142.0) Gecko/20100101 Firefox/142.0"
::ffff:127.0.0.1 - - [18/Aug/2025:17:11:52 +0000] "GET /api/docs/swagger-ui-bundle.js HTTP/1.1" 304 - "-" "Mozilla/5.0 (Macintosh; Intel Mac OS X 10.15; rv:142.0) Gecko/20100101 Firefox/142.0"
::ffff:127.0.0.1 - - [18/Aug/2025:17:11:52 +0000] "GET /api/docs/swagger-ui-standalone-preset.js HTTP/1.1" 304 - "-" "Mozilla/5.0 (Macintosh; Intel Mac OS X 10.15; rv:142.0) Gecko/20100101 Firefox/142.0"
::ffff:127.0.0.1 - - [18/Aug/2025:17:11:52 +0000] "GET /api/docs/swagger-ui-init.js HTTP/1.1" 200 48621 "-" "Mozilla/5.0 (Macintosh; Intel Mac OS X 10.15; rv:142.0) Gecko/20100101 Firefox/142.0"
::1 - - [18/Aug/2025:17:12:01 +0000] "GET /api/user/10 HTTP/1.1" 200 156 "-" "node"
::1 - - [18/Aug/2025:17:12:01 +0000] "GET /api/user/followers/10 HTTP/1.1" 401 29 "-" "node"
::1 - - [18/Aug/2025:17:12:01 +0000] "GET /api/user/followers/10/following HTTP/1.1" 401 29 "-" "node"
::1 - - [18/Aug/2025:17:12:01 +0000] "GET /api/user/ HTTP/1.1" 200 622 "-" "node"
::1 - - [18/Aug/2025:17:16:25 +0000] "GET /api/user/10 HTTP/1.1" 200 156 "-" "node"
::1 - - [18/Aug/2025:17:16:25 +0000] "GET /api/user/followers/10 HTTP/1.1" 401 29 "-" "node"
::1 - - [18/Aug/2025:17:16:25 +0000] "GET /api/user/followers/10/following HTTP/1.1" 401 29 "-" "node"
::1 - - [18/Aug/2025:17:16:25 +0000] "GET /api/user/ HTTP/1.1" 200 622 "-" "node"
::1 - - [18/Aug/2025:17:23:05 +0000] "GET /api/user/10 HTTP/1.1" 200 156 "-" "node"
::1 - - [18/Aug/2025:17:23:05 +0000] "GET /api/user/followers/10 HTTP/1.1" 401 29 "-" "node"
::1 - - [18/Aug/2025:17:23:05 +0000] "GET /api/user/followers/10/following HTTP/1.1" 401 29 "-" "node"
::1 - - [18/Aug/2025:17:23:05 +0000] "GET /api/user/ HTTP/1.1" 200 622 "-" "node"
::1 - - [18/Aug/2025:17:23:40 +0000] "GET /api/user/6 HTTP/1.1" 200 637 "-" "node"
::1 - - [18/Aug/2025:17:23:40 +0000] "GET /api/user/followers/6 HTTP/1.1" 401 29 "-" "node"
::1 - - [18/Aug/2025:17:23:40 +0000] "GET /api/user/followers/6/following HTTP/1.1" 401 29 "-" "node"
::1 - - [18/Aug/2025:17:23:40 +0000] "GET /api/user/ HTTP/1.1" 200 622 "-" "node"
::1 - - [18/Aug/2025:17:26:13 +0000] "GET /api/user/6 HTTP/1.1" 200 637 "-" "node"
::1 - - [18/Aug/2025:17:26:13 +0000] "GET /api/user/followers/6 HTTP/1.1" 401 29 "-" "node"
::1 - - [18/Aug/2025:17:26:13 +0000] "GET /api/user/followers/6/following HTTP/1.1" 401 29 "-" "node"
::1 - - [18/Aug/2025:17:26:13 +0000] "GET /api/user/ HTTP/1.1" 200 622 "-" "node"
::1 - - [18/Aug/2025:17:26:33 +0000] "GET /api/user/6 HTTP/1.1" 200 637 "-" "node"
::1 - - [18/Aug/2025:17:26:33 +0000] "GET /api/user/followers/6 HTTP/1.1" 401 29 "-" "node"
::1 - - [18/Aug/2025:17:26:33 +0000] "GET /api/user/followers/6/following HTTP/1.1" 401 29 "-" "node"
::1 - - [18/Aug/2025:17:26:33 +0000] "GET /api/user/ HTTP/1.1" 200 622 "-" "node"
::1 - - [18/Aug/2025:17:27:37 +0000] "GET /api/user/6 HTTP/1.1" 200 637 "-" "node"
::1 - - [18/Aug/2025:17:27:37 +0000] "GET /api/user/followers/6 HTTP/1.1" 401 29 "-" "node"
::1 - - [18/Aug/2025:17:27:37 +0000] "GET /api/user/followers/6/following HTTP/1.1" 401 29 "-" "node"
::1 - - [18/Aug/2025:17:27:37 +0000] "GET /api/user/ HTTP/1.1" 200 622 "-" "node"
::1 - - [18/Aug/2025:17:27:43 +0000] "GET /api/user/6 HTTP/1.1" 200 637 "-" "node"
::1 - - [18/Aug/2025:17:27:43 +0000] "GET /api/user/followers/6 HTTP/1.1" 401 29 "-" "node"
::1 - - [18/Aug/2025:17:27:43 +0000] "GET /api/user/followers/6/following HTTP/1.1" 401 29 "-" "node"
::1 - - [18/Aug/2025:17:27:43 +0000] "GET /api/user/ HTTP/1.1" 200 622 "-" "node"
::1 - - [18/Aug/2025:17:27:58 +0000] "GET /api/user/6 HTTP/1.1" 200 637 "-" "node"
::1 - - [18/Aug/2025:17:27:58 +0000] "GET /api/user/followers/6 HTTP/1.1" 401 29 "-" "node"
::1 - - [18/Aug/2025:17:27:58 +0000] "GET /api/user/followers/6/following HTTP/1.1" 401 29 "-" "node"
::1 - - [18/Aug/2025:17:27:58 +0000] "GET /api/user/ HTTP/1.1" 200 622 "-" "node"
::1 - - [18/Aug/2025:17:29:53 +0000] "GET /api/user/6 HTTP/1.1" 200 637 "-" "node"
::1 - - [18/Aug/2025:17:29:53 +0000] "GET /api/user/followers/6 HTTP/1.1" 401 29 "-" "node"
::1 - - [18/Aug/2025:17:29:53 +0000] "GET /api/user/followers/6/following HTTP/1.1" 401 29 "-" "node"
::1 - - [18/Aug/2025:17:29:53 +0000] "GET /api/user/ HTTP/1.1" 200 622 "-" "node"
::1 - - [18/Aug/2025:17:30:49 +0000] "GET /api/user/6 HTTP/1.1" 200 637 "-" "node"
::1 - - [18/Aug/2025:17:30:49 +0000] "GET /api/user/followers/6 HTTP/1.1" 401 29 "-" "node"
::1 - - [18/Aug/2025:17:30:49 +0000] "GET /api/user/followers/6/following HTTP/1.1" 401 29 "-" "node"
::1 - - [18/Aug/2025:17:30:49 +0000] "GET /api/user/ HTTP/1.1" 200 622 "-" "node"
::1 - - [18/Aug/2025:17:31:43 +0000] "GET /api/user/followers/10 HTTP/1.1" 401 29 "-" "PostmanRuntime/7.44.1"
::1 - - [18/Aug/2025:17:32:36 +0000] "GET /api/user/6 HTTP/1.1" 200 637 "-" "node"
::1 - - [18/Aug/2025:17:32:36 +0000] "GET /api/user/followers/6 HTTP/1.1" 200 35 "-" "node"
::1 - - [18/Aug/2025:17:32:36 +0000] "GET /api/user/followers/6/following HTTP/1.1" 200 35 "-" "node"
::1 - - [18/Aug/2025:17:32:36 +0000] "GET /api/user/ HTTP/1.1" 200 622 "-" "node"
::1 - - [18/Aug/2025:17:32:58 +0000] "GET /api/user/6 HTTP/1.1" 200 637 "-" "node"
::1 - - [18/Aug/2025:17:32:58 +0000] "GET /api/user/followers/6 HTTP/1.1" 200 35 "-" "node"
::1 - - [18/Aug/2025:17:32:58 +0000] "GET /api/user/followers/6/following HTTP/1.1" 401 29 "-" "node"
::1 - - [18/Aug/2025:17:32:58 +0000] "GET /api/user/ HTTP/1.1" 200 622 "-" "node"
::1 - - [18/Aug/2025:17:33:02 +0000] "GET /api/user/10 HTTP/1.1" 200 156 "-" "node"
::1 - - [18/Aug/2025:17:33:02 +0000] "GET /api/user/followers/10 HTTP/1.1" 200 35 "-" "node"
::1 - - [18/Aug/2025:17:33:02 +0000] "GET /api/user/followers/10/following HTTP/1.1" 401 29 "-" "node"
::1 - - [18/Aug/2025:17:33:02 +0000] "GET /api/user/ HTTP/1.1" 200 622 "-" "node"
::1 - - [18/Aug/2025:17:33:52 +0000] "GET /api/user/followers/10 HTTP/1.1" 200 35 "-" "PostmanRuntime/7.44.1"
::1 - - [18/Aug/2025:17:35:10 +0000] "GET /api/user/10 HTTP/1.1" 200 156 "-" "node"
::1 - - [18/Aug/2025:17:35:10 +0000] "GET /api/user/followers/10 HTTP/1.1" 200 35 "-" "node"
::1 - - [18/Aug/2025:17:35:10 +0000] "GET /api/user/followers/10/following HTTP/1.1" 401 29 "-" "node"
::1 - - [18/Aug/2025:17:35:36 +0000] "GET /api/user/10 HTTP/1.1" 200 156 "-" "node"
::1 - - [18/Aug/2025:17:35:36 +0000] "GET /api/user/followers/10 HTTP/1.1" 200 35 "-" "node"
::1 - - [18/Aug/2025:17:35:36 +0000] "GET /api/user/followers/10/following HTTP/1.1" 401 29 "-" "node"
::1 - - [18/Aug/2025:17:35:40 +0000] "GET /api/user/10 HTTP/1.1" 200 156 "-" "node"
::1 - - [18/Aug/2025:17:35:40 +0000] "GET /api/user/followers/10 HTTP/1.1" 200 35 "-" "node"
::1 - - [18/Aug/2025:17:35:40 +0000] "GET /api/user/followers/10/following HTTP/1.1" 401 29 "-" "node"
::1 - - [18/Aug/2025:17:35:43 +0000] "GET /api/user/10 HTTP/1.1" 200 156 "-" "node"
::1 - - [18/Aug/2025:17:35:43 +0000] "GET /api/user/followers/10 HTTP/1.1" 200 35 "-" "node"
::1 - - [18/Aug/2025:17:35:43 +0000] "GET /api/user/followers/10/following HTTP/1.1" 401 29 "-" "node"
::1 - - [18/Aug/2025:17:35:46 +0000] "GET /api/user/10 HTTP/1.1" 200 156 "-" "node"
::1 - - [18/Aug/2025:17:35:46 +0000] "GET /api/user/followers/10 HTTP/1.1" 200 35 "-" "node"
::1 - - [18/Aug/2025:17:35:46 +0000] "GET /api/user/followers/10/following HTTP/1.1" 401 29 "-" "node"
::1 - - [18/Aug/2025:17:35:52 +0000] "GET /api/user/10 HTTP/1.1" 200 156 "-" "node"
::1 - - [18/Aug/2025:17:35:52 +0000] "GET /api/user/followers/10 HTTP/1.1" 200 35 "-" "node"
::1 - - [18/Aug/2025:17:35:52 +0000] "GET /api/user/followers/10/following HTTP/1.1" 401 29 "-" "node"
::1 - - [18/Aug/2025:17:36:03 +0000] "GET /api/user/10 HTTP/1.1" 200 156 "-" "node"
::1 - - [18/Aug/2025:17:36:03 +0000] "GET /api/user/followers/10 HTTP/1.1" 200 35 "-" "node"
::1 - - [18/Aug/2025:17:36:03 +0000] "GET /api/user/followers/10/following HTTP/1.1" 401 29 "-" "node"
::1 - - [18/Aug/2025:17:36:23 +0000] "GET /api/user/10 HTTP/1.1" 200 156 "-" "node"
::1 - - [18/Aug/2025:17:36:23 +0000] "GET /api/user/followers/10 HTTP/1.1" 200 35 "-" "node"
::1 - - [18/Aug/2025:17:36:23 +0000] "GET /api/user/followers/10/following HTTP/1.1" 401 29 "-" "node"
::1 - - [18/Aug/2025:17:36:44 +0000] "GET /api/user/10 HTTP/1.1" 200 156 "-" "node"
::1 - - [18/Aug/2025:17:36:44 +0000] "GET /api/user/followers/10 HTTP/1.1" 200 35 "-" "node"
::1 - - [18/Aug/2025:17:36:44 +0000] "GET /api/user/followers/10/following HTTP/1.1" 401 29 "-" "node"
::1 - - [18/Aug/2025:17:39:38 +0000] "GET /api/user/10 HTTP/1.1" 200 156 "-" "node"
::1 - - [18/Aug/2025:17:39:38 +0000] "GET /api/user/followers/10 HTTP/1.1" 200 35 "-" "node"
::1 - - [18/Aug/2025:17:39:38 +0000] "GET /api/user/followers/10/following HTTP/1.1" 401 29 "-" "node"
::1 - - [18/Aug/2025:17:39:57 +0000] "GET /api/user/10 HTTP/1.1" 200 156 "-" "node"
::1 - - [18/Aug/2025:17:39:57 +0000] "GET /api/user/followers/10 HTTP/1.1" 200 35 "-" "node"
::1 - - [18/Aug/2025:17:39:57 +0000] "GET /api/user/followers/10/following HTTP/1.1" 401 29 "-" "node"
::1 - - [18/Aug/2025:17:40:30 +0000] "GET /api/user/10 HTTP/1.1" 200 156 "-" "node"
::1 - - [18/Aug/2025:17:40:30 +0000] "GET /api/user/followers/10 HTTP/1.1" 200 35 "-" "node"
::1 - - [18/Aug/2025:17:40:30 +0000] "GET /api/user/followers/10/following HTTP/1.1" 401 29 "-" "node"
::1 - - [18/Aug/2025:17:40:57 +0000] "GET /api/user/10 HTTP/1.1" 200 156 "-" "node"
::1 - - [18/Aug/2025:17:40:57 +0000] "GET /api/user/followers/10 HTTP/1.1" 200 35 "-" "node"
::1 - - [18/Aug/2025:17:40:57 +0000] "GET /api/user/followers/10/following HTTP/1.1" 401 29 "-" "node"
::1 - - [18/Aug/2025:17:41:12 +0000] "GET /api/user/10 HTTP/1.1" 200 156 "-" "node"
::1 - - [18/Aug/2025:17:41:12 +0000] "GET /api/user/followers/10 HTTP/1.1" 200 35 "-" "node"
::1 - - [18/Aug/2025:17:41:12 +0000] "GET /api/user/followers/10/following HTTP/1.1" 401 29 "-" "node"
::1 - - [18/Aug/2025:17:41:41 +0000] "GET /api/user/10 HTTP/1.1" 200 156 "-" "node"
::1 - - [18/Aug/2025:17:41:41 +0000] "GET /api/user/followers/10 HTTP/1.1" 200 35 "-" "node"
::1 - - [18/Aug/2025:17:41:41 +0000] "GET /api/user/followers/10/following HTTP/1.1" 401 29 "-" "node"
::1 - - [18/Aug/2025:17:41:41 +0000] "GET /api/user/ HTTP/1.1" 200 622 "-" "node"
::1 - - [18/Aug/2025:17:44:31 +0000] "GET /api/user/ HTTP/1.1" 200 622 "-" "node"
::1 - - [18/Aug/2025:17:44:34 +0000] "GET /api/user/10 HTTP/1.1" 200 156 "-" "node"
::1 - - [18/Aug/2025:17:44:34 +0000] "GET /api/user/followers/10 HTTP/1.1" 200 35 "-" "node"
::1 - - [18/Aug/2025:17:44:34 +0000] "GET /api/user/followers/10/following HTTP/1.1" 401 29 "-" "node"
::1 - - [18/Aug/2025:17:44:34 +0000] "GET /api/user/ HTTP/1.1" 200 622 "-" "node"
::1 - - [18/Aug/2025:17:44:39 +0000] "GET /api/user/10 HTTP/1.1" 200 156 "-" "node"
::1 - - [18/Aug/2025:17:44:39 +0000] "GET /api/user/followers/10 HTTP/1.1" 200 35 "-" "node"
::1 - - [18/Aug/2025:17:44:39 +0000] "GET /api/user/followers/10/following HTTP/1.1" 401 29 "-" "node"
::1 - - [18/Aug/2025:17:44:53 +0000] "GET /api/user/10 HTTP/1.1" 200 156 "-" "node"
::1 - - [18/Aug/2025:17:44:53 +0000] "GET /api/user/followers/10 HTTP/1.1" 200 35 "-" "node"
::1 - - [18/Aug/2025:17:44:53 +0000] "GET /api/user/followers/10/following HTTP/1.1" 401 29 "-" "node"
::1 - - [18/Aug/2025:17:44:55 +0000] "GET /api/user/10 HTTP/1.1" 200 156 "-" "node"
::1 - - [18/Aug/2025:17:44:55 +0000] "GET /api/user/followers/10 HTTP/1.1" 200 35 "-" "node"
::1 - - [18/Aug/2025:17:44:55 +0000] "GET /api/user/followers/10/following HTTP/1.1" 401 29 "-" "node"
::1 - - [18/Aug/2025:17:45:01 +0000] "GET /api/user/10 HTTP/1.1" 200 156 "-" "node"
::1 - - [18/Aug/2025:17:45:01 +0000] "GET /api/user/followers/10 HTTP/1.1" 200 35 "-" "node"
::1 - - [18/Aug/2025:17:45:01 +0000] "GET /api/user/followers/10/following HTTP/1.1" 401 29 "-" "node"
::1 - - [18/Aug/2025:17:45:01 +0000] "GET /api/user/ HTTP/1.1" 200 622 "-" "node"
::1 - - [18/Aug/2025:17:45:10 +0000] "GET /api/user/10 HTTP/1.1" 200 156 "-" "node"
::1 - - [18/Aug/2025:17:45:10 +0000] "GET /api/user/followers/10 HTTP/1.1" 200 35 "-" "node"
::1 - - [18/Aug/2025:17:45:10 +0000] "GET /api/user/followers/10/following HTTP/1.1" 401 29 "-" "node"
::1 - - [18/Aug/2025:17:45:12 +0000] "GET /api/user/10 HTTP/1.1" 200 156 "-" "node"
::1 - - [18/Aug/2025:17:45:12 +0000] "GET /api/user/followers/10 HTTP/1.1" 200 35 "-" "node"
::1 - - [18/Aug/2025:17:45:12 +0000] "GET /api/user/followers/10/following HTTP/1.1" 401 29 "-" "node"
::1 - - [18/Aug/2025:17:45:19 +0000] "GET /api/user/10 HTTP/1.1" 200 156 "-" "node"
::1 - - [18/Aug/2025:17:45:19 +0000] "GET /api/user/followers/10 HTTP/1.1" 200 35 "-" "node"
::1 - - [18/Aug/2025:17:45:19 +0000] "GET /api/user/followers/10/following HTTP/1.1" 401 29 "-" "node"
::1 - - [18/Aug/2025:17:45:23 +0000] "GET /api/user/10 HTTP/1.1" 200 156 "-" "node"
::1 - - [18/Aug/2025:17:45:23 +0000] "GET /api/user/followers/10 HTTP/1.1" 200 35 "-" "node"
::1 - - [18/Aug/2025:17:45:23 +0000] "GET /api/user/followers/10/following HTTP/1.1" 401 29 "-" "node"
::1 - - [18/Aug/2025:17:45:27 +0000] "GET /api/user/10 HTTP/1.1" 200 156 "-" "node"
::1 - - [18/Aug/2025:17:45:27 +0000] "GET /api/user/followers/10 HTTP/1.1" 200 35 "-" "node"
::1 - - [18/Aug/2025:17:45:27 +0000] "GET /api/user/followers/10/following HTTP/1.1" 401 29 "-" "node"
::1 - - [18/Aug/2025:17:47:13 +0000] "GET /api/user/10 HTTP/1.1" 200 156 "-" "node"
::1 - - [18/Aug/2025:17:47:13 +0000] "GET /api/user/followers/10 HTTP/1.1" 200 35 "-" "node"
::1 - - [18/Aug/2025:17:47:13 +0000] "GET /api/user/followers/10/following HTTP/1.1" 200 35 "-" "node"
::1 - - [18/Aug/2025:17:47:20 +0000] "GET /api/user/10 HTTP/1.1" 200 156 "-" "node"
::1 - - [18/Aug/2025:17:47:20 +0000] "GET /api/user/followers/10 HTTP/1.1" 200 35 "-" "node"
::1 - - [18/Aug/2025:17:47:20 +0000] "GET /api/user/followers/10/following HTTP/1.1" 200 35 "-" "node"
::1 - - [18/Aug/2025:17:47:20 +0000] "GET /api/user/ HTTP/1.1" 200 622 "-" "node"
::1 - - [18/Aug/2025:17:47:23 +0000] "GET /api/user/10 HTTP/1.1" 200 156 "-" "node"
::1 - - [18/Aug/2025:17:47:23 +0000] "GET /api/user/followers/10 HTTP/1.1" 200 35 "-" "node"
::1 - - [18/Aug/2025:17:47:23 +0000] "GET /api/user/followers/10/following HTTP/1.1" 200 35 "-" "node"
::1 - - [18/Aug/2025:17:47:25 +0000] "GET /api/user/10 HTTP/1.1" 200 156 "-" "node"
::1 - - [18/Aug/2025:17:47:25 +0000] "GET /api/user/followers/10 HTTP/1.1" 200 35 "-" "node"
::1 - - [18/Aug/2025:17:47:25 +0000] "GET /api/user/followers/10/following HTTP/1.1" 200 35 "-" "node"
::1 - - [18/Aug/2025:17:47:31 +0000] "GET /api/user/10 HTTP/1.1" 200 156 "-" "node"
::1 - - [18/Aug/2025:17:47:31 +0000] "GET /api/user/followers/10 HTTP/1.1" 200 35 "-" "node"
::1 - - [18/Aug/2025:17:47:31 +0000] "GET /api/user/followers/10/following HTTP/1.1" 200 35 "-" "node"
::1 - - [18/Aug/2025:17:47:34 +0000] "GET /api/user/10 HTTP/1.1" 200 156 "-" "node"
::1 - - [18/Aug/2025:17:47:34 +0000] "GET /api/user/followers/10 HTTP/1.1" 200 35 "-" "node"
::1 - - [18/Aug/2025:17:47:34 +0000] "GET /api/user/followers/10/following HTTP/1.1" 200 35 "-" "node"
::1 - - [18/Aug/2025:17:47:34 +0000] "GET /api/user/ HTTP/1.1" 200 622 "-" "node"
::1 - - [18/Aug/2025:17:47:47 +0000] "GET /api/user/10 HTTP/1.1" 200 156 "-" "node"
::1 - - [18/Aug/2025:17:47:47 +0000] "GET /api/user/followers/10 HTTP/1.1" 200 35 "-" "node"
::1 - - [18/Aug/2025:17:47:47 +0000] "GET /api/user/followers/10/following HTTP/1.1" 200 35 "-" "node"
::1 - - [18/Aug/2025:17:47:59 +0000] "GET /api/user/10 HTTP/1.1" 200 156 "-" "node"
::1 - - [18/Aug/2025:17:47:59 +0000] "GET /api/user/followers/10 HTTP/1.1" 200 35 "-" "node"
::1 - - [18/Aug/2025:17:47:59 +0000] "GET /api/user/followers/10/following HTTP/1.1" 200 35 "-" "node"
::1 - - [18/Aug/2025:17:48:40 +0000] "GET /api/user/10 HTTP/1.1" 200 156 "-" "node"
::1 - - [18/Aug/2025:17:48:40 +0000] "GET /api/user/followers/10 HTTP/1.1" 200 35 "-" "node"
::1 - - [18/Aug/2025:17:48:40 +0000] "GET /api/user/followers/10/following HTTP/1.1" 200 35 "-" "node"
::1 - - [18/Aug/2025:17:48:40 +0000] "GET /api/user/ HTTP/1.1" 200 622 "-" "node"
::1 - - [18/Aug/2025:17:48:51 +0000] "GET /api/user/6 HTTP/1.1" 200 637 "-" "node"
::1 - - [18/Aug/2025:17:48:51 +0000] "GET /api/user/followers/6 HTTP/1.1" 200 35 "-" "node"
::1 - - [18/Aug/2025:17:48:51 +0000] "GET /api/user/followers/6/following HTTP/1.1" 200 35 "-" "node"
::1 - - [18/Aug/2025:17:48:51 +0000] "GET /api/user/ HTTP/1.1" 200 622 "-" "node"
::1 - - [18/Aug/2025:17:48:54 +0000] "GET /api/user/6 HTTP/1.1" 200 637 "-" "node"
::1 - - [18/Aug/2025:17:48:54 +0000] "GET /api/user/followers/6 HTTP/1.1" 200 35 "-" "node"
::1 - - [18/Aug/2025:17:48:54 +0000] "GET /api/user/followers/6/following HTTP/1.1" 200 35 "-" "node"
::1 - - [18/Aug/2025:17:48:54 +0000] "GET /api/user/ HTTP/1.1" 200 622 "-" "node"
::1 - - [18/Aug/2025:17:49:19 +0000] "GET /api/user/6 HTTP/1.1" 200 637 "-" "node"
::1 - - [18/Aug/2025:17:49:19 +0000] "GET /api/user/followers/6 HTTP/1.1" 200 35 "-" "node"
::1 - - [18/Aug/2025:17:49:19 +0000] "GET /api/user/followers/6/following HTTP/1.1" 200 35 "-" "node"
::1 - - [18/Aug/2025:17:49:20 +0000] "GET /api/user/ HTTP/1.1" 200 622 "-" "node"
::1 - - [18/Aug/2025:17:50:07 +0000] "GET /api/user/6 HTTP/1.1" 200 637 "-" "node"
::1 - - [18/Aug/2025:17:50:07 +0000] "GET /api/user/followers/6 HTTP/1.1" 200 35 "-" "node"
::1 - - [18/Aug/2025:17:50:07 +0000] "GET /api/user/followers/6/following HTTP/1.1" 200 35 "-" "node"
::1 - - [18/Aug/2025:17:50:14 +0000] "GET /api/user/6 HTTP/1.1" 200 637 "-" "node"
::1 - - [18/Aug/2025:17:50:14 +0000] "GET /api/user/followers/6 HTTP/1.1" 200 35 "-" "node"
::1 - - [18/Aug/2025:17:50:14 +0000] "GET /api/user/followers/6/following HTTP/1.1" 200 35 "-" "node"
::1 - - [18/Aug/2025:17:50:55 +0000] "GET /api/user/10 HTTP/1.1" 200 156 "-" "node"
::1 - - [18/Aug/2025:17:50:55 +0000] "GET /api/user/followers/10 HTTP/1.1" 200 35 "-" "node"
::1 - - [18/Aug/2025:17:50:55 +0000] "GET /api/user/followers/10/following HTTP/1.1" 200 35 "-" "node"
::1 - - [18/Aug/2025:17:50:55 +0000] "GET /api/user/ HTTP/1.1" 200 622 "-" "node"
